
*** Running vivado
    with args -log bcdto7segment.vds -m64 -product Vivado -mode batch -messageDb vivado.pb -notrace -source bcdto7segment.tcl



****** Vivado v2021.2 (64-bit)
  **** SW Build 3367213 on Tue Oct 19 02:48:09 MDT 2021
  **** IP Build 3369179 on Thu Oct 21 08:25:16 MDT 2021
    ** Copyright 1986-2021 Xilinx, Inc. All Rights Reserved.

source bcdto7segment.tcl -notrace
Command: synth_design -top bcdto7segment -part xc7a35tcpg236-1
Starting synth_design
Attempting to get a license for feature 'Synthesis' and/or device 'xc7a35t'
INFO: [Common 17-349] Got license for feature 'Synthesis' and/or device 'xc7a35t'
INFO: [Synth 8-7079] Multithreading enabled for synth_design using a maximum of 2 processes.
INFO: [Synth 8-7078] Launching helper process for spawning children vivado processes
INFO: [Synth 8-7075] Helper process launched with PID 45900
---------------------------------------------------------------------------------
Starting Synthesize : Time (s): cpu = 00:00:02 ; elapsed = 00:00:03 . Memory (MB): peak = 1254.418 ; gain = 0.000
---------------------------------------------------------------------------------
INFO: [Synth 8-638] synthesizing module 'bcdto7segment' [C:/Users/YuWenlu/Documents/CE339-6/22-23_CE339_yu_wenlu/lab2_5_2/lab2_5_2.srcs/sources_1/new/bcdto7segment.vhd:32]
INFO: [Synth 8-256] done synthesizing module 'bcdto7segment' (1#1) [C:/Users/YuWenlu/Documents/CE339-6/22-23_CE339_yu_wenlu/lab2_5_2/lab2_5_2.srcs/sources_1/new/bcdto7segment.vhd:32]
WARNING: [Synth 8-3917] design bcdto7segment has port an[3] driven by constant 1
WARNING: [Synth 8-3917] design bcdto7segment has port an[2] driven by constant 1
WARNING: [Synth 8-3917] design bcdto7segment has port an[1] driven by constant 1
WARNING: [Synth 8-3917] design bcdto7segment has port an[0] driven by constant 0
---------------------------------------------------------------------------------
Finished Synthesize : Time (s): cpu = 00:00:02 ; elapsed = 00:00:04 . Memory (MB): peak = 1254.418 ; gain = 0.000
---------------------------------------------------------------------------------
---------------------------------------------------------------------------------
Finished Constraint Validation : Time (s): cpu = 00:00:02 ; elapsed = 00:00:05 . Memory (MB): peak = 1254.418 ; gain = 0.000
---------------------------------------------------------------------------------
---------------------------------------------------------------------------------
Start Loading Part and Timing Information
---------------------------------------------------------------------------------
Loading part: xc7a35tcpg236-1
---------------------------------------------------------------------------------
Finished Loading Part and Timing Information : Time (s): cpu = 00:00:02 ; elapsed = 00:00:05 . Memory (MB): peak = 1254.418 ; gain = 0.000
---------------------------------------------------------------------------------
INFO: [Device 21-403] Loading part xc7a35tcpg236-1
---------------------------------------------------------------------------------
Finished RTL Optimization Phase 2 : Time (s): cpu = 00:00:02 ; elapsed = 00:00:05 . Memory (MB): peak = 1254.418 ; gain = 0.000
---------------------------------------------------------------------------------
No constraint files found.
---------------------------------------------------------------------------------
Start RTL Component Statistics 
---------------------------------------------------------------------------------
Detailed RTL Component Info : 
---------------------------------------------------------------------------------
Finished RTL Component Statistics 
---------------------------------------------------------------------------------
---------------------------------------------------------------------------------
Start Part Resource Summary
---------------------------------------------------------------------------------
Part Resources:
DSPs: 90 (col length:60)
BRAMs: 100 (col length: RAMB18 60 RAMB36 30)
---------------------------------------------------------------------------------
Finished Part Resource Summary
---------------------------------------------------------------------------------
No constraint files found.
---------------------------------------------------------------------------------
Start Cross Boundary and Area Optimization
---------------------------------------------------------------------------------
WARNING: [Synth 8-7080] Parallel synthesis criteria is not met
WARNING: [Synth 8-3917] design bcdto7segment has port an[3] driven by constant 1
WARNING: [Synth 8-3917] design bcdto7segment has port an[2] driven by constant 1
WARNING: [Synth 8-3917] design bcdto7segment has port an[1] driven by constant 1
WARNING: [Synth 8-3917] design bcdto7segment has port an[0] driven by constant 0
---------------------------------------------------------------------------------
Finished Cross Boundary and Area Optimization : Time (s): cpu = 00:00:03 ; elapsed = 00:00:08 . Memory (MB): peak = 1254.418 ; gain = 0.000
---------------------------------------------------------------------------------
No constraint files found.
---------------------------------------------------------------------------------
Start Timing Optimization
---------------------------------------------------------------------------------
---------------------------------------------------------------------------------
Finished Timing Optimization : Time (s): cpu = 00:00:03 ; elapsed = 00:00:08 . Memory (MB): peak = 1254.418 ; gain = 0.000
---------------------------------------------------------------------------------
---------------------------------------------------------------------------------
Start Technology Mapping
---------------------------------------------------------------------------------
---------------------------------------------------------------------------------
Finished Technology Mapping : Time (s): cpu = 00:00:03 ; elapsed = 00:00:08 . Memory (MB): peak = 1254.418 ; gain = 0.000
---------------------------------------------------------------------------------
---------------------------------------------------------------------------------
Start IO Insertion
---------------------------------------------------------------------------------
---------------------------------------------------------------------------------
Start Flattening Before IO Insertion
---------------------------------------------------------------------------------
---------------------------------------------------------------------------------
Finished Flattening Before IO Insertion
---------------------------------------------------------------------------------
---------------------------------------------------------------------------------
Start Final Netlist Cleanup
---------------------------------------------------------------------------------
---------------------------------------------------------------------------------
Finished Final Netlist Cleanup
---------------------------------------------------------------------------------
---------------------------------------------------------------------------------
Finished IO Insertion : Time (s): cpu = 00:00:04 ; elapsed = 00:00:11 . Memory (MB): peak = 1254.418 ; gain = 0.000
---------------------------------------------------------------------------------
---------------------------------------------------------------------------------
Start Renaming Generated Instances
---------------------------------------------------------------------------------
---------------------------------------------------------------------------------
Finished Renaming Generated Instances : Time (s): cpu = 00:00:04 ; elapsed = 00:00:11 . Memory (MB): peak = 1254.418 ; gain = 0.000
---------------------------------------------------------------------------------
---------------------------------------------------------------------------------
Start Rebuilding User Hierarchy
---------------------------------------------------------------------------------
---------------------------------------------------------------------------------
Finished Rebuilding User Hierarchy : Time (s): cpu = 00:00:04 ; elapsed = 00:00:11 . Memory (MB): peak = 1254.418 ; gain = 0.000
---------------------------------------------------------------------------------
---------------------------------------------------------------------------------
Start Renaming Generated Ports
---------------------------------------------------------------------------------
---------------------------------------------------------------------------------
Finished Renaming Generated Ports : Time (s): cpu = 00:00:04 ; elapsed = 00:00:11 . Memory (MB): peak = 1254.418 ; gain = 0.000
---------------------------------------------------------------------------------
---------------------------------------------------------------------------------
Start Handling Custom Attributes
---------------------------------------------------------------------------------
---------------------------------------------------------------------------------
Finished Handling Custom Attributes : Time (s): cpu = 00:00:04 ; elapsed = 00:00:11 . Memory (MB): peak = 1254.418 ; gain = 0.000
---------------------------------------------------------------------------------
---------------------------------------------------------------------------------
Start Renaming Generated Nets
---------------------------------------------------------------------------------
---------------------------------------------------------------------------------
Finished Renaming Generated Nets : Time (s): cpu = 00:00:04 ; elapsed = 00:00:11 . Memory (MB): peak = 1254.418 ; gain = 0.000
---------------------------------------------------------------------------------
---------------------------------------------------------------------------------
Start Writing Synthesis Report
---------------------------------------------------------------------------------

Report BlackBoxes: 
+-+--------------+----------+
| |BlackBox name |Instances |
+-+--------------+----------+
+-+--------------+----------+

Report Cell Usage: 
+------+-----+------+
|      |Cell |Count |
+------+-----+------+
|1     |LUT4 |     7|
|2     |IBUF |     4|
|3     |OBUF |    11|
+------+-----+------+

Report Instance Areas: 
+------+---------+-------+------+
|      |Instance |Module |Cells |
+------+---------+-------+------+
|1     |top      |       |    22|
+------+---------+-------+------+
---------------------------------------------------------------------------------
Finished Writing Synthesis Report : Time (s): cpu = 00:00:04 ; elapsed = 00:00:11 . Memory (MB): peak = 1254.418 ; gain = 0.000
---------------------------------------------------------------------------------
Synthesis finished with 0 errors, 0 critical warnings and 9 warnings.
Synthesis Optimization Runtime : Time (s): cpu = 00:00:04 ; elapsed = 00:00:11 . Memory (MB): peak = 1254.418 ; gain = 0.000
Synthesis Optimization Complete : Time (s): cpu = 00:00:04 ; elapsed = 00:00:11 . Memory (MB): peak = 1254.418 ; gain = 0.000
INFO: [Project 1-571] Translating synthesized netlist
Netlist sorting complete. Time (s): cpu = 00:00:00 ; elapsed = 00:00:00.001 . Memory (MB): peak = 1254.418 ; gain = 0.000
INFO: [Project 1-570] Preparing netlist for logic optimization
INFO: [Opt 31-138] Pushed 0 inverter(s) to 0 load pin(s).
Netlist sorting complete. Time (s): cpu = 00:00:00 ; elapsed = 00:00:00 . Memory (MB): peak = 1254.418 ; gain = 0.000
INFO: [Project 1-111] Unisim Transformation Summary:
No Unisim elements were transformed.

Synth Design complete, checksum: 46ab3501
INFO: [Common 17-83] Releasing license: Synthesis
12 Infos, 9 Warnings, 0 Critical Warnings and 0 Errors encountered.
synth_design completed successfully
synth_design: Time (s): cpu = 00:00:05 ; elapsed = 00:00:12 . Memory (MB): peak = 1254.418 ; gain = 0.000
INFO: [Common 17-1381] The checkpoint 'C:/Users/YuWenlu/Documents/CE339-6/22-23_CE339_yu_wenlu/lab2_5_2/lab2_5_2.runs/synth_1/bcdto7segment.dcp' has been generated.
INFO: [runtcl-4] Executing : report_utilization -file bcdto7segment_utilization_synth.rpt -pb bcdto7segment_utilization_synth.pb
INFO: [Common 17-206] Exiting Vivado at Sun Feb 12 16:35:55 2023...
