
*** Running vivado
    with args -log main1_one_digit.vds -m64 -product Vivado -mode batch -messageDb vivado.pb -notrace -source main1_one_digit.tcl



****** Vivado v2021.2 (64-bit)
  **** SW Build 3367213 on Tue Oct 19 02:48:09 MDT 2021
  **** IP Build 3369179 on Thu Oct 21 08:25:16 MDT 2021
    ** Copyright 1986-2021 Xilinx, Inc. All Rights Reserved.

source main1_one_digit.tcl -notrace
Command: read_checkpoint -auto_incremental -incremental C:/Users/YuWenlu/Documents/CE339-6/22-23_CE339_yu_wenlu/assignment1/main1_one_digit/main1_one_digit.srcs/utils_1/imports/synth_1/main1_one_digit.dcp
INFO: [Vivado 12-5825] Read reference checkpoint from C:/Users/YuWenlu/Documents/CE339-6/22-23_CE339_yu_wenlu/assignment1/main1_one_digit/main1_one_digit.srcs/utils_1/imports/synth_1/main1_one_digit.dcp for incremental synthesis
INFO: [Vivado 12-7989] Please ensure there are no constraint changes
Command: synth_design -top main1_one_digit -part xc7a35tcpg236-1
Starting synth_design
Attempting to get a license for feature 'Synthesis' and/or device 'xc7a35t'
INFO: [Common 17-349] Got license for feature 'Synthesis' and/or device 'xc7a35t'
INFO: [Device 21-403] Loading part xc7a35tcpg236-1
WARNING: [Designutils 20-4072] Reference run did not run incremental synthesis because the design is too small; reverting to default synthesis
INFO: [Designutils 20-4379] Flow is switching to default flow due to incremental criteria not met. If you would like to alter this behaviour and have the flow terminate instead, please set the following parameter config_implementation {autoIncr.Synth.RejectBehavior Terminate}
INFO: [Synth 8-7079] Multithreading enabled for synth_design using a maximum of 2 processes.
INFO: [Synth 8-7078] Launching helper process for spawning children vivado processes
INFO: [Synth 8-7075] Helper process launched with PID 34016
---------------------------------------------------------------------------------
Starting RTL Elaboration : Time (s): cpu = 00:00:01 ; elapsed = 00:00:12 . Memory (MB): peak = 1255.949 ; gain = 0.000
---------------------------------------------------------------------------------
INFO: [Synth 8-638] synthesizing module 'main1_one_digit' [C:/Users/YuWenlu/Documents/CE339-6/22-23_CE339_yu_wenlu/resource/Assignment1/Main/main1_one_digit.vhd:25]
INFO: [Synth 8-638] synthesizing module 'one_digit' [C:/Users/YuWenlu/Documents/CE339-6/22-23_CE339_yu_wenlu/assignment1/main1_one_digit/main1_one_digit.srcs/sources_1/new/one_digit.vhd:34]
INFO: [Synth 8-256] done synthesizing module 'one_digit' (1#1) [C:/Users/YuWenlu/Documents/CE339-6/22-23_CE339_yu_wenlu/assignment1/main1_one_digit/main1_one_digit.srcs/sources_1/new/one_digit.vhd:34]
INFO: [Synth 8-256] done synthesizing module 'main1_one_digit' (2#1) [C:/Users/YuWenlu/Documents/CE339-6/22-23_CE339_yu_wenlu/resource/Assignment1/Main/main1_one_digit.vhd:25]
WARNING: [Synth 8-7129] Port sw[11] in module main1_one_digit is either unconnected or has no load
WARNING: [Synth 8-7129] Port sw[10] in module main1_one_digit is either unconnected or has no load
WARNING: [Synth 8-7129] Port sw[9] in module main1_one_digit is either unconnected or has no load
WARNING: [Synth 8-7129] Port sw[8] in module main1_one_digit is either unconnected or has no load
WARNING: [Synth 8-7129] Port sw[7] in module main1_one_digit is either unconnected or has no load
WARNING: [Synth 8-7129] Port sw[6] in module main1_one_digit is either unconnected or has no load
WARNING: [Synth 8-7129] Port sw[4] in module main1_one_digit is either unconnected or has no load
---------------------------------------------------------------------------------
Finished RTL Elaboration : Time (s): cpu = 00:00:02 ; elapsed = 00:00:15 . Memory (MB): peak = 1255.949 ; gain = 0.000
---------------------------------------------------------------------------------
---------------------------------------------------------------------------------
Start Handling Custom Attributes
---------------------------------------------------------------------------------
---------------------------------------------------------------------------------
Finished Handling Custom Attributes : Time (s): cpu = 00:00:03 ; elapsed = 00:00:18 . Memory (MB): peak = 1255.949 ; gain = 0.000
---------------------------------------------------------------------------------
---------------------------------------------------------------------------------
Finished RTL Optimization Phase 1 : Time (s): cpu = 00:00:03 ; elapsed = 00:00:18 . Memory (MB): peak = 1255.949 ; gain = 0.000
---------------------------------------------------------------------------------
Netlist sorting complete. Time (s): cpu = 00:00:00 ; elapsed = 00:00:00.001 . Memory (MB): peak = 1255.949 ; gain = 0.000
INFO: [Project 1-570] Preparing netlist for logic optimization

Processing XDC Constraints
Initializing timing engine
Parsing XDC File [C:/Users/YuWenlu/Documents/CE339-6/22-23_CE339_yu_wenlu/assignment1/main1_one_digit/main1_one_digit.srcs/constrs_1/imports/CE339/lab1.xdc]
Finished Parsing XDC File [C:/Users/YuWenlu/Documents/CE339-6/22-23_CE339_yu_wenlu/assignment1/main1_one_digit/main1_one_digit.srcs/constrs_1/imports/CE339/lab1.xdc]
INFO: [Project 1-236] Implementation specific constraints were found while reading constraint file [C:/Users/YuWenlu/Documents/CE339-6/22-23_CE339_yu_wenlu/assignment1/main1_one_digit/main1_one_digit.srcs/constrs_1/imports/CE339/lab1.xdc]. These constraints will be ignored for synthesis but will be used in implementation. Impacted constraints are listed in the file [.Xil/main1_one_digit_propImpl.xdc].
Resolution: To avoid this warning, move constraints listed in [.Xil/main1_one_digit_propImpl.xdc] to another XDC file and exclude this new file from synthesis with the used_in_synthesis property (File Properties dialog in GUI) and re-run elaboration/synthesis.
Completed Processing XDC Constraints

Netlist sorting complete. Time (s): cpu = 00:00:00 ; elapsed = 00:00:00 . Memory (MB): peak = 1255.949 ; gain = 0.000
INFO: [Project 1-111] Unisim Transformation Summary:
No Unisim elements were transformed.

Constraint Validation Runtime : Time (s): cpu = 00:00:00 ; elapsed = 00:00:00.010 . Memory (MB): peak = 1255.949 ; gain = 0.000
WARNING: [Designutils 20-4072] Reference run did not run incremental synthesis because the design is too small; reverting to default synthesis
INFO: [Designutils 20-4379] Flow is switching to default flow due to incremental criteria not met. If you would like to alter this behaviour and have the flow terminate instead, please set the following parameter config_implementation {autoIncr.Synth.RejectBehavior Terminate}
---------------------------------------------------------------------------------
Finished Constraint Validation : Time (s): cpu = 00:00:07 ; elapsed = 00:00:37 . Memory (MB): peak = 1255.949 ; gain = 0.000
---------------------------------------------------------------------------------
---------------------------------------------------------------------------------
Start Loading Part and Timing Information
---------------------------------------------------------------------------------
Loading part: xc7a35tcpg236-1
---------------------------------------------------------------------------------
Finished Loading Part and Timing Information : Time (s): cpu = 00:00:07 ; elapsed = 00:00:37 . Memory (MB): peak = 1255.949 ; gain = 0.000
---------------------------------------------------------------------------------
---------------------------------------------------------------------------------
Start Applying 'set_property' XDC Constraints
---------------------------------------------------------------------------------
---------------------------------------------------------------------------------
Finished applying 'set_property' XDC Constraints : Time (s): cpu = 00:00:07 ; elapsed = 00:00:37 . Memory (MB): peak = 1255.949 ; gain = 0.000
---------------------------------------------------------------------------------
---------------------------------------------------------------------------------
Finished RTL Optimization Phase 2 : Time (s): cpu = 00:00:07 ; elapsed = 00:00:38 . Memory (MB): peak = 1255.949 ; gain = 0.000
---------------------------------------------------------------------------------
---------------------------------------------------------------------------------
Start RTL Component Statistics 
---------------------------------------------------------------------------------
Detailed RTL Component Info : 
---------------------------------------------------------------------------------
Finished RTL Component Statistics 
---------------------------------------------------------------------------------
---------------------------------------------------------------------------------
Start Part Resource Summary
---------------------------------------------------------------------------------
Part Resources:
DSPs: 90 (col length:60)
BRAMs: 100 (col length: RAMB18 60 RAMB36 30)
---------------------------------------------------------------------------------
Finished Part Resource Summary
---------------------------------------------------------------------------------
---------------------------------------------------------------------------------
Start Cross Boundary and Area Optimization
---------------------------------------------------------------------------------
WARNING: [Synth 8-7080] Parallel synthesis criteria is not met
WARNING: [Synth 8-7129] Port sw[11] in module main1_one_digit is either unconnected or has no load
WARNING: [Synth 8-7129] Port sw[10] in module main1_one_digit is either unconnected or has no load
WARNING: [Synth 8-7129] Port sw[9] in module main1_one_digit is either unconnected or has no load
WARNING: [Synth 8-7129] Port sw[8] in module main1_one_digit is either unconnected or has no load
WARNING: [Synth 8-7129] Port sw[7] in module main1_one_digit is either unconnected or has no load
WARNING: [Synth 8-7129] Port sw[6] in module main1_one_digit is either unconnected or has no load
WARNING: [Synth 8-7129] Port sw[4] in module main1_one_digit is either unconnected or has no load
---------------------------------------------------------------------------------
Finished Cross Boundary and Area Optimization : Time (s): cpu = 00:00:08 ; elapsed = 00:00:43 . Memory (MB): peak = 1255.949 ; gain = 0.000
---------------------------------------------------------------------------------
---------------------------------------------------------------------------------
Start Applying XDC Timing Constraints
---------------------------------------------------------------------------------
---------------------------------------------------------------------------------
Finished Applying XDC Timing Constraints : Time (s): cpu = 00:00:11 ; elapsed = 00:01:02 . Memory (MB): peak = 1255.949 ; gain = 0.000
---------------------------------------------------------------------------------
---------------------------------------------------------------------------------
Start Timing Optimization
---------------------------------------------------------------------------------
---------------------------------------------------------------------------------
Finished Timing Optimization : Time (s): cpu = 00:00:11 ; elapsed = 00:01:02 . Memory (MB): peak = 1255.949 ; gain = 0.000
---------------------------------------------------------------------------------
---------------------------------------------------------------------------------
Start Technology Mapping
---------------------------------------------------------------------------------
---------------------------------------------------------------------------------
Finished Technology Mapping : Time (s): cpu = 00:00:11 ; elapsed = 00:01:02 . Memory (MB): peak = 1255.949 ; gain = 0.000
---------------------------------------------------------------------------------
---------------------------------------------------------------------------------
Start IO Insertion
---------------------------------------------------------------------------------
---------------------------------------------------------------------------------
Start Flattening Before IO Insertion
---------------------------------------------------------------------------------
---------------------------------------------------------------------------------
Finished Flattening Before IO Insertion
---------------------------------------------------------------------------------
---------------------------------------------------------------------------------
Start Final Netlist Cleanup
---------------------------------------------------------------------------------
---------------------------------------------------------------------------------
Finished Final Netlist Cleanup
---------------------------------------------------------------------------------
---------------------------------------------------------------------------------
Finished IO Insertion : Time (s): cpu = 00:00:12 ; elapsed = 00:01:06 . Memory (MB): peak = 1255.949 ; gain = 0.000
---------------------------------------------------------------------------------
---------------------------------------------------------------------------------
Start Renaming Generated Instances
---------------------------------------------------------------------------------
---------------------------------------------------------------------------------
Finished Renaming Generated Instances : Time (s): cpu = 00:00:12 ; elapsed = 00:01:06 . Memory (MB): peak = 1255.949 ; gain = 0.000
---------------------------------------------------------------------------------
---------------------------------------------------------------------------------
Start Rebuilding User Hierarchy
---------------------------------------------------------------------------------
---------------------------------------------------------------------------------
Finished Rebuilding User Hierarchy : Time (s): cpu = 00:00:12 ; elapsed = 00:01:06 . Memory (MB): peak = 1255.949 ; gain = 0.000
---------------------------------------------------------------------------------
---------------------------------------------------------------------------------
Start Renaming Generated Ports
---------------------------------------------------------------------------------
---------------------------------------------------------------------------------
Finished Renaming Generated Ports : Time (s): cpu = 00:00:12 ; elapsed = 00:01:06 . Memory (MB): peak = 1255.949 ; gain = 0.000
---------------------------------------------------------------------------------
---------------------------------------------------------------------------------
Start Handling Custom Attributes
---------------------------------------------------------------------------------
---------------------------------------------------------------------------------
Finished Handling Custom Attributes : Time (s): cpu = 00:00:12 ; elapsed = 00:01:06 . Memory (MB): peak = 1255.949 ; gain = 0.000
---------------------------------------------------------------------------------
---------------------------------------------------------------------------------
Start Renaming Generated Nets
---------------------------------------------------------------------------------
---------------------------------------------------------------------------------
Finished Renaming Generated Nets : Time (s): cpu = 00:00:12 ; elapsed = 00:01:06 . Memory (MB): peak = 1255.949 ; gain = 0.000
---------------------------------------------------------------------------------
---------------------------------------------------------------------------------
Start Writing Synthesis Report
---------------------------------------------------------------------------------

Report BlackBoxes: 
+-+--------------+----------+
| |BlackBox name |Instances |
+-+--------------+----------+
+-+--------------+----------+

Report Cell Usage: 
+------+-----+------+
|      |Cell |Count |
+------+-----+------+
|1     |LUT4 |     7|
|2     |IBUF |     9|
|3     |OBUF |    12|
+------+-----+------+
---------------------------------------------------------------------------------
Finished Writing Synthesis Report : Time (s): cpu = 00:00:12 ; elapsed = 00:01:06 . Memory (MB): peak = 1255.949 ; gain = 0.000
---------------------------------------------------------------------------------
Synthesis finished with 0 errors, 0 critical warnings and 8 warnings.
Synthesis Optimization Runtime : Time (s): cpu = 00:00:08 ; elapsed = 00:01:01 . Memory (MB): peak = 1255.949 ; gain = 0.000
Synthesis Optimization Complete : Time (s): cpu = 00:00:12 ; elapsed = 00:01:06 . Memory (MB): peak = 1255.949 ; gain = 0.000
INFO: [Project 1-571] Translating synthesized netlist
Netlist sorting complete. Time (s): cpu = 00:00:00 ; elapsed = 00:00:00 . Memory (MB): peak = 1255.949 ; gain = 0.000
INFO: [Project 1-570] Preparing netlist for logic optimization
INFO: [Opt 31-138] Pushed 0 inverter(s) to 0 load pin(s).
Netlist sorting complete. Time (s): cpu = 00:00:00 ; elapsed = 00:00:00 . Memory (MB): peak = 1255.949 ; gain = 0.000
INFO: [Project 1-111] Unisim Transformation Summary:
No Unisim elements were transformed.

Synth Design complete, checksum: 349384c1
INFO: [Common 17-83] Releasing license: Synthesis
21 Infos, 17 Warnings, 0 Critical Warnings and 0 Errors encountered.
synth_design completed successfully
synth_design: Time (s): cpu = 00:00:14 ; elapsed = 00:01:12 . Memory (MB): peak = 1255.949 ; gain = 0.000
INFO: [Common 17-1381] The checkpoint 'C:/Users/YuWenlu/Documents/CE339-6/22-23_CE339_yu_wenlu/assignment1/main1_one_digit/main1_one_digit.runs/synth_1/main1_one_digit.dcp' has been generated.
INFO: [runtcl-4] Executing : report_utilization -file main1_one_digit_utilization_synth.rpt -pb main1_one_digit_utilization_synth.pb
INFO: [Common 17-206] Exiting Vivado at Fri Feb 17 12:35:07 2023...
