Copyright 1986-2021 Xilinx, Inc. All Rights Reserved.
--------------------------------------------------------------------------------------------------------------------------------------------------------------------------------------------------------------------------------------------------------------------------------------------
| Tool Version : Vivado v.2021.2 (win64) Build 3367213 Tue Oct 19 02:48:09 MDT 2021
| Date         : Sun Feb 12 16:14:30 2023
| Host         : YuWenlu running 64-bit major release  (build 9200)
| Command      : report_methodology -file create_a_2to1multiplexer_using_behavioral_modeling_methodology_drc_routed.rpt -pb create_a_2to1multiplexer_using_behavioral_modeling_methodology_drc_routed.pb -rpx create_a_2to1multiplexer_using_behavioral_modeling_methodology_drc_routed.rpx
| Design       : create_a_2to1multiplexer_using_behavioral_modeling
| Device       : xc7a35tcpg236-1
| Speed File   : -1
| Design State : Fully Routed
--------------------------------------------------------------------------------------------------------------------------------------------------------------------------------------------------------------------------------------------------------------------------------------------

Report Methodology

Table of Contents
-----------------
1. REPORT SUMMARY
2. REPORT DETAILS

1. REPORT SUMMARY
-----------------
            Netlist: netlist
          Floorplan: design_1
      Design limits: <entire design considered>
             Max violations: <unlimited>
             Violations found: 0
+------+----------+-------------+------------+
| Rule | Severity | Description | Violations |
+------+----------+-------------+------------+
+------+----------+-------------+------------+

2. REPORT DETAILS
-----------------

